<?xml version="1.0" encoding="UTF-8"?>
<testng-results ignored="0" total="1" passed="1" failed="0" skipped="0">
  <reporter-output>
  </reporter-output>
  <suite started-at="2020-05-14T11:13:00Z" name="Default suite" finished-at="2020-05-14T11:13:11Z" duration-ms="11493">
    <groups>
    </groups>
    <test started-at="2020-05-14T11:13:00Z" name="Default test" finished-at="2020-05-14T11:13:11Z" duration-ms="11493">
      <class name="googleSearch.openURL">
        <test-method is-config="true" signature="setup()[pri:0, instance:googleSearch.openURL@2b6856dd]" started-at="2020-05-14T16:43:00Z" name="setup" finished-at="2020-05-14T16:43:00Z" duration-ms="61" status="PASS">
          <reporter-output>
          </reporter-output>
        </test-method> <!-- setup -->
        <test-method signature="openWebSiteandSearch()[pri:0, instance:googleSearch.openURL@2b6856dd]" started-at="2020-05-14T16:43:00Z" name="openWebSiteandSearch" finished-at="2020-05-14T16:43:11Z" duration-ms="11386" status="PASS">
          <reporter-output>
          </reporter-output>
        </test-method> <!-- openWebSiteandSearch -->
      </class> <!-- googleSearch.openURL -->
    </test> <!-- Default test -->
  </suite> <!-- Default suite -->
</testng-results>
