<?xml version="1.0" encoding="UTF-8"?>
<testng-results skipped="0" failed="0" ignored="0" total="1" passed="1">
  <reporter-output>
  </reporter-output>
  <suite name="Default suite" duration-ms="14377" started-at="2020-05-15T12:52:20 IST" finished-at="2020-05-15T12:52:35 IST">
    <groups>
    </groups>
    <test name="Default test" duration-ms="14377" started-at="2020-05-15T12:52:20 IST" finished-at="2020-05-15T12:52:35 IST">
      <class name="ACA.RapidImplementation">
        <test-method status="PASS" signature="setup()[pri:0, instance:ACA.RapidImplementation@a7e666]" name="setup" is-config="true" duration-ms="31" started-at="2020-05-15T12:52:20 IST" finished-at="2020-05-15T12:52:20 IST">
          <reporter-output>
          </reporter-output>
        </test-method> <!-- setup -->
        <test-method status="PASS" signature="TC1()[pri:0, instance:ACA.RapidImplementation@a7e666]" name="TC1" duration-ms="14301" started-at="2020-05-15T12:52:20 IST" finished-at="2020-05-15T12:52:35 IST">
          <reporter-output>
          </reporter-output>
        </test-method> <!-- TC1 -->
      </class> <!-- ACA.RapidImplementation -->
    </test> <!-- Default test -->
  </suite> <!-- Default suite -->
</testng-results>
